<?xml version="1.0" encoding="UTF-8"?>
<testng-results ignored="6" total="7" passed="1" failed="0" skipped="0">
  <reporter-output>
  </reporter-output>
  <suite started-at="2022-04-15T14:20:01 IST" name="Default suite" finished-at="2022-04-15T14:20:32 IST" duration-ms="30286">
    <groups>
    </groups>
    <test started-at="2022-04-15T14:20:01 IST" name="Default test" finished-at="2022-04-15T14:20:32 IST" duration-ms="30286">
      <class name="Training.S2">
        <test-method is-config="true" signature="BT()[pri:0, instance:Training.S2@cad498c]" started-at="2022-04-15T14:20:01 IST" name="BT" finished-at="2022-04-15T14:20:04 IST" duration-ms="2278" status="PASS">
          <reporter-output>
          </reporter-output>
        </test-method> <!-- BT -->
        <test-method signature="testcase7()[pri:0, instance:Training.S2@cad498c]" started-at="2022-04-15T14:20:04 IST" name="testcase7" finished-at="2022-04-15T14:20:32 IST" duration-ms="27951" status="PASS">
          <reporter-output>
          </reporter-output>
        </test-method> <!-- testcase7 -->
        <test-method is-config="true" signature="AT()[pri:0, instance:Training.S2@cad498c]" started-at="2022-04-15T14:20:32 IST" name="AT" finished-at="2022-04-15T14:20:32 IST" duration-ms="0" status="PASS">
          <reporter-output>
          </reporter-output>
        </test-method> <!-- AT -->
      </class> <!-- Training.S2 -->
    </test> <!-- Default test -->
  </suite> <!-- Default suite -->
</testng-results>
