<?xml version="1.0" encoding="UTF-8"?>
<testng-results ignored="1" total="2" passed="1" failed="0" skipped="0">
  <reporter-output>
    <line>
      <![CDATA[Surprice Course : Congress: The Senate and the House of Representatives]]>
    </line>
  </reporter-output>
  <suite started-at="2022-04-28T10:29:00 IST" name="Suite" finished-at="2022-04-28T10:30:40 IST" duration-ms="99897">
    <groups>
    </groups>
    <test started-at="2022-04-28T10:29:00 IST" name="Test" finished-at="2022-04-28T10:30:40 IST" duration-ms="99897">
      <class name="practise.Khan.KhanA">
        <test-method is-config="true" signature="killAllProcess()[pri:0, instance:practise.Khan.KhanA@d9345cd]" started-at="2022-04-28T10:29:00 IST" name="killAllProcess" finished-at="2022-04-28T10:29:08 IST" duration-ms="7446" status="PASS">
          <reporter-output>
          </reporter-output>
        </test-method> <!-- killAllProcess -->
        <test-method signature="tc0()[pri:0, instance:practise.Khan.KhanA@d9345cd]" started-at="2022-04-28T10:29:08 IST" name="tc0" finished-at="2022-04-28T10:30:40 IST" duration-ms="92387" status="PASS">
          <reporter-output>
            <line>
              <![CDATA[Surprice Course : Congress: The Senate and the House of Representatives]]>
            </line>
          </reporter-output>
        </test-method> <!-- tc0 -->
      </class> <!-- practise.Khan.KhanA -->
    </test> <!-- Test -->
  </suite> <!-- Suite -->
</testng-results>
