<?xml version="1.0" encoding="UTF-8"?>
<!-- Generated by org.testng.reporters.JUnitXMLReporter -->
<testsuite ignored="6" hostname="DESKTOP-LUPK89I" failures="0" tests="1" name="Default test" time="30.286" errors="0" timestamp="2022-04-15T14:20:32 IST">
  <testcase classname="Training.S2" name="testcase7" time="27.951"/>
  <testcase classname="Training.S2" name="Testcase1" time="0.0">
    <ignored/>
  </testcase> <!-- Testcase1 -->
  <testcase classname="Training.S2" name="testcase5" time="0.0">
    <ignored/>
  </testcase> <!-- testcase5 -->
  <testcase classname="Training.S2" name="testcase4" time="0.0">
    <ignored/>
  </testcase> <!-- testcase4 -->
  <testcase classname="Training.S2" name="testcase3" time="0.0">
    <ignored/>
  </testcase> <!-- testcase3 -->
  <testcase classname="Training.S2" name="testcase2" time="0.0">
    <ignored/>
  </testcase> <!-- testcase2 -->
  <testcase classname="Training.S2" name="testcase6" time="0.0">
    <ignored/>
  </testcase> <!-- testcase6 -->
</testsuite> <!-- Default test -->
